<?xml version="1.0" encoding="UTF-8"?>
<!-- Generated by org.testng.reporters.JUnitReportReporter -->
<testsuite hostname="LAPTOP-3C5ECVTT" failures="0" tests="1" name="com.vtiger.compaignsTest.CreateCompaignTest" time="26.615" errors="0" timestamp="2022-05-27T10:41:40 IST" skipped="0">
  <testcase classname="com.vtiger.compaignsTest.CreateCompaignTest" name="Createcomp" time="26.615"/>
  <system-out/>
</testsuite> <!-- com.vtiger.compaignsTest.CreateCompaignTest -->
