<?xml version="1.0" encoding="UTF-8"?>
<!-- Generated by org.testng.reporters.JUnitReportReporter -->
<testsuite hostname="LAPTOP-3C5ECVTT" failures="0" tests="1" name="com.vtiger.documentsTest.CreateDocumentTest" time="39.628" errors="0" timestamp="2022-05-24T11:45:32 IST" skipped="0">
  <testcase classname="com.vtiger.documentsTest.CreateDocumentTest" name="documentEditTest" time="39.628"/>
  <system-out/>
</testsuite> <!-- com.vtiger.documentsTest.CreateDocumentTest -->
