<?xml version="1.0" encoding="UTF-8"?>
<!-- Generated by org.testng.reporters.JUnitReportReporter -->
<testsuite hostname="LAPTOP-3C5ECVTT" failures="0" tests="1" name="com.vtiger.productsTest.CreateProductTest" time="30.881" errors="0" timestamp="2022-05-24T11:45:32 IST" skipped="0">
  <testcase classname="com.vtiger.productsTest.CreateProductTest" name="createProductTest" time="30.881"/>
  <system-out/>
</testsuite> <!-- com.vtiger.productsTest.CreateProductTest -->
