<?xml version="1.0" encoding="UTF-8"?>
<!-- Generated by org.testng.reporters.JUnitReportReporter -->
<testsuite hostname="LAPTOP-3C5ECVTT" failures="0" tests="1" name="com.vtiger.organisationTest.CreateNewOrganisationByFetchingFromExcel" time="30.623" errors="0" timestamp="2022-05-18T11:38:00 IST" skipped="0">
  <testcase classname="com.vtiger.organisationTest.CreateNewOrganisationByFetchingFromExcel" name="CreateNewOrganisationByFetchingFromExcel" time="30.623"/>
  <system-out/>
</testsuite> <!-- com.vtiger.organisationTest.CreateNewOrganisationByFetchingFromExcel -->
