<?xml version="1.0" encoding="UTF-8"?>
<!-- Generated by org.testng.reporters.JUnitReportReporter -->
<testsuite hostname="LAPTOP-3C5ECVTT" failures="0" tests="3" name="com.vtiger.practice.TestngPractice3Test" time="0.010" errors="0" timestamp="2022-05-16T17:34:28 IST" skipped="0">
  <testcase classname="com.vtiger.practice.TestngPractice3Test" name="practice2Test" time="0.002"/>
  <system-out>
    <![CDATA[TestngPractice2Test----->Test2]]>
  </system-out>
  <testcase classname="com.vtiger.practice.TestngPractice3Test" name="practice1Test" time="0.007"/>
  <system-out>
    <![CDATA[TestngPractice2Test----->Test1]]>
  </system-out>
  <testcase classname="com.vtiger.practice.TestngPractice3Test" name="practice3Test" time="0.001"/>
  <system-out>
    <![CDATA[TestngPractice2Test----->Test3]]>
  </system-out>
</testsuite> <!-- com.vtiger.practice.TestngPractice3Test -->
