<?xml version="1.0" encoding="UTF-8"?>
<!-- Generated by org.testng.reporters.JUnitReportReporter -->
<testsuite hostname="LAPTOP-3C5ECVTT" failures="0" tests="2" name="com.vtiger.practice.PracticeTestngTest" time="0.008" errors="0" timestamp="2022-05-19T14:46:24 IST" skipped="0">
  <testcase classname="com.vtiger.practice.PracticeTestngTest" name="PracticeTestngTest3" time="0.001"/>
  <system-out>
    <![CDATA[Hello India]]>
  </system-out>
  <testcase classname="com.vtiger.practice.PracticeTestngTest" name="PracticeTestngTest" time="0.007"/>
  <system-out>
    <![CDATA[Hi Reddy]]>
  </system-out>
</testsuite> <!-- com.vtiger.practice.PracticeTestngTest -->
