<?xml version="1.0" encoding="UTF-8"?>
<!-- Generated by org.testng.reporters.JUnitReportReporter -->
<testsuite hostname="LAPTOP-3C5ECVTT" failures="0" tests="1" name="com.vtiger.documentsTest.DocumentEditTest" time="16.011" errors="0" timestamp="2022-05-18T11:56:38 IST" skipped="0">
  <testcase classname="com.vtiger.documentsTest.DocumentEditTest" name="documentEditTest" time="16.011"/>
  <system-out/>
</testsuite> <!-- com.vtiger.documentsTest.DocumentEditTest -->
