<?xml version="1.0" encoding="UTF-8"?>
<!-- Generated by org.testng.reporters.JUnitReportReporter -->
<testsuite hostname="LAPTOP-3C5ECVTT" failures="0" tests="1" name="com.vtiger.organisationTest.CreateorganisationTest" time="25.359" errors="0" timestamp="2022-05-20T10:17:54 IST" skipped="0">
  <testcase classname="com.vtiger.organisationTest.CreateorganisationTest" name="createorganisationTest" time="25.359"/>
  <system-out/>
</testsuite> <!-- com.vtiger.organisationTest.CreateorganisationTest -->
