<?xml version="1.0" encoding="UTF-8"?>
<!-- Generated by org.testng.reporters.JUnitReportReporter -->
<testsuite hostname="LAPTOP-3C5ECVTT" failures="0" tests="1" name="com.vtiger.organisationTest.CreateorganisationThrwdropdown" time="31.029" errors="0" timestamp="2022-05-20T10:23:34 IST" skipped="0">
  <testcase classname="com.vtiger.organisationTest.CreateorganisationThrwdropdown" name="createorganisationThrwdropdown" time="31.029"/>
  <system-out/>
</testsuite> <!-- com.vtiger.organisationTest.CreateorganisationThrwdropdown -->
