<?xml version="1.0" encoding="UTF-8"?>
<!-- Generated by org.testng.reporters.JUnitReportReporter -->
<testsuite hostname="LAPTOP-3C5ECVTT" failures="0" tests="3" name="com.vtiger.practice.TestngPractice1Test" time="0.006" errors="0" timestamp="2022-05-19T14:46:24 IST" skipped="0">
  <testcase classname="com.vtiger.practice.TestngPractice1Test" name="practice2Test" time="0.001"/>
  <system-out>
    <![CDATA[TestngPractice1Test----->Test2]]>
  </system-out>
  <testcase classname="com.vtiger.practice.TestngPractice1Test" name="practice1Test" time="0.001"/>
  <system-out>
    <![CDATA[TestngPractice1Test----->Test1]]>
  </system-out>
  <testcase classname="com.vtiger.practice.TestngPractice1Test" name="practice3Test" time="0.004"/>
  <system-out>
    <![CDATA[TestngPractice1Test----->Test3]]>
  </system-out>
</testsuite> <!-- com.vtiger.practice.TestngPractice1Test -->
